[ 2024-05-24 14:59:13,067 ] 20 root - INFO - Entered the data ingestion method
[ 2024-05-24 15:00:46,554 ] 20 root - INFO - Entered the data ingestion method
[ 2024-05-24 15:06:09,342 ] 2 root - INFO - Read the dataset as dataframe
[ 2024-05-24 15:06:17,076 ] 2 root - INFO - Read the dataset as dataframe
[ 2024-05-24 15:06:24,992 ] 2 root - INFO - Read the dataset as dataframe
[ 2024-05-24 15:07:28,147 ] 2 root - INFO - Read the dataset as dataframe
[ 2024-05-24 15:08:08,577 ] 1 root - INFO - Train test split initiated
[ 2024-05-24 15:09:12,588 ] 3 root - INFO - Ingestion of data is completed
[ 2024-05-24 15:12:50,490 ] 24 root - INFO - Categorical Columns: ['gender', 'race_ethnicity', 'parental_level_of_education', 'lunch', 'test_preparation_course']
[ 2024-05-24 15:12:50,491 ] 25 root - INFO - Numerical Columns: ['writing_score', 'reading_score']
[ 2024-05-24 15:14:39,745 ] 3 root - INFO - Ingestion of data is completed
[ 2024-05-24 15:15:12,862 ] 4 root - INFO - Ingestion of data is completed
[ 2024-05-24 15:15:35,247 ] 5 root - INFO - Ingestion of data is completed
[ 2024-05-24 15:15:56,613 ] 5 root - INFO - Ingestion of data is completed
[ 2024-05-24 15:16:00,675 ] 4 root - INFO - Read train and test data completed
[ 2024-05-24 15:16:00,675 ] 5 root - INFO - Obtaining preprocessing object
[ 2024-05-24 15:16:43,101 ] 4 root - INFO - Read train and test data completed
[ 2024-05-24 15:16:43,102 ] 5 root - INFO - Obtaining preprocessing object
[ 2024-05-24 15:16:47,934 ] 4 root - INFO - Read train and test data completed
[ 2024-05-24 15:16:47,934 ] 5 root - INFO - Obtaining preprocessing object
[ 2024-05-24 15:16:49,091 ] 32 root - INFO - Categorical Columns: ['gender', 'race_ethnicity', 'parental_level_of_education', 'lunch', 'test_preparation_course']
[ 2024-05-24 15:16:49,091 ] 33 root - INFO - Numerical Columns: ['writing_score', 'reading_score']
[ 2024-05-24 15:16:55,243 ] 32 root - INFO - Categorical Columns: ['gender', 'race_ethnicity', 'parental_level_of_education', 'lunch', 'test_preparation_course']
[ 2024-05-24 15:16:55,244 ] 33 root - INFO - Numerical Columns: ['writing_score', 'reading_score']
[ 2024-05-24 15:17:27,625 ] 32 root - INFO - Categorical Columns: ['gender', 'race_ethnicity', 'parental_level_of_education', 'lunch', 'test_preparation_course']
[ 2024-05-24 15:17:27,625 ] 33 root - INFO - Numerical Columns: ['writing_score', 'reading_score']
[ 2024-05-24 15:17:48,439 ] 10 root - INFO - Applying preprocesing object on training and testing dataframe
[ 2024-05-24 15:18:32,755 ] 9 root - INFO - Saved preprocessing object
[ 2024-05-24 15:20:50,261 ] 2 root - INFO - Read the dataset as dataframe
[ 2024-05-24 15:20:52,757 ] 1 root - INFO - Train test split initiated
[ 2024-05-24 15:20:53,828 ] 5 root - INFO - Ingestion of data is completed
[ 2024-05-24 15:21:24,991 ] 4 root - INFO - Read train and test data completed
[ 2024-05-24 15:21:24,991 ] 5 root - INFO - Obtaining preprocessing object
[ 2024-05-24 15:21:26,126 ] 37 root - INFO - Categorical Columns: ['gender', 'race_ethnicity', 'parental_level_of_education', 'lunch', 'test_preparation_course']
[ 2024-05-24 15:21:26,126 ] 38 root - INFO - Numerical Columns: ['writing_score', 'reading_score']
[ 2024-05-24 15:21:28,373 ] 10 root - INFO - Applying preprocesing object on training and testing dataframe
[ 2024-05-24 15:21:31,271 ] 9 root - INFO - Saved preprocessing object
[ 2024-05-24 15:23:13,724 ] 9 root - INFO - Saved preprocessing object
[ 2024-05-24 15:23:18,179 ] 1 root - INFO - Split training and test input data
[ 2024-05-24 15:23:50,049 ] 43 root - INFO - Random Forest,Train model score :0.9765082874343548, Test model score: 0.8502115621976023
[ 2024-05-24 15:23:50,188 ] 43 root - INFO - Decision Tree,Train model score :0.9996534669718089, Test model score: 0.700047341480013
[ 2024-05-24 15:24:11,273 ] 43 root - INFO - Gradient Boosting,Train model score :0.8948555240471924, Test model score: 0.8728302021015337
[ 2024-05-24 15:24:11,287 ] 43 root - INFO - Linear Regression,Train model score :0.8738641652281676, Test model score: 0.8795158595242263
[ 2024-05-24 15:24:13,948 ] 43 root - INFO - XGBRegressor,Train model score :0.9287495013467192, Test model score: 0.8492434722253639
[ 2024-05-24 15:24:21,437 ] 43 root - INFO - CatBoosting Regressor,Train model score :0.9071223853509314, Test model score: 0.8613734525258083
[ 2024-05-24 15:24:30,662 ] 43 root - INFO - AdaBoost Regressor,Train model score :0.8390149191482865, Test model score: 0.8458991297151927
[ 2024-05-24 15:27:05,232 ] 3 root - INFO - Best found model on training and testing dataset
